<?xml version="1.0" encoding="UTF-8"?>
<!-- Generated by org.testng.reporters.JUnitXMLReporter -->
<testsuite hostname="Dell-PC" ignored="0" name="homepage validations" tests="1" failures="1" timestamp="2020-11-21T16:58:07 IST" time="5.663" errors="0">
  <testcase name="HomePageNavigation" time="0.0" classname="Academypackage.Homepage">
    <failure type="org.testng.TestNGException" message="
Cannot inject @Test annotated Method [HomePageNavigation] with [class java.lang.String, class java.lang.String].
For more information on native dependency injection please refer to https://testng.org/doc/documentation-main.html#native-dependency-injection">
      <![CDATA[org.testng.TestNGException: 
Cannot inject @Test annotated Method [HomePageNavigation] with [class java.lang.String, class java.lang.String].
For more information on native dependency injection please refer to https://testng.org/doc/documentation-main.html#native-dependency-injection
at java.util.ArrayList.forEach(Unknown Source)
at java.util.concurrent.FutureTask.run(Unknown Source)
at java.util.concurrent.ThreadPoolExecutor.runWorker(Unknown Source)
at java.util.concurrent.ThreadPoolExecutor$Worker.run(Unknown Source)
at java.lang.Thread.run(Unknown Source)
... Removed 17 stack frames]]>
    </failure>
  </testcase> <!-- HomePageNavigation -->
</testsuite> <!-- homepage validations -->
