<?xml version="1.0" encoding="UTF-8"?>
<!-- Generated by org.testng.reporters.JUnitXMLReporter -->
<testsuite hostname="Dell-PC" ignored="0" name="Test" tests="4" failures="0" timestamp="2020-11-20T23:52:34 IST" time="38.893" errors="0">
  <testcase name="HomePageNavigation" time="11.226" classname="Academypackage.Homepage"/>
  <testcase name="HomePageNavigation" time="7.63" classname="Academypackage.Homepage"/>
  <testcase name="HomePageNavigation" time="6.225" classname="Academypackage.Homepage"/>
  <testcase name="validatetitlemethod" time="5.09" classname="Academypackage.ValidateTitle"/>
</testsuite> <!-- Test -->
