-------------------------------------------------------------------------------
Test set: TestSuite
-------------------------------------------------------------------------------
Tests run: 2, Failures: 1, Errors: 0, Skipped: 0, Time elapsed: 46.648 s <<< FAILURE! - in TestSuite
Academypackage.ValidateTitle.validatetitlemethod  Time elapsed: 36.537 s  <<< FAILURE!
java.lang.AssertionError: expected [Courses122] but found [Courses]
	at Academypackage.ValidateTitle.validatetitlemethod(ValidateTitle.java:40)

