<?xml version="1.0" encoding="UTF-8"?>
<testsuite xmlns:xsi="http://www.w3.org/2001/XMLSchema-instance" xsi:noNamespaceSchemaLocation="https://maven.apache.org/surefire/maven-surefire-plugin/xsd/surefire-test-report-3.0.xsd" version="3.0" name="TestSuite" time="46.648" tests="2" errors="0" skipped="0" failures="1">
  <properties>
[...]
</properties>
  <testcase name="HomePageNavigation" classname="Academypackage.Homepage" time="33.295">
    <system-out><![CDATA[name of title isCourses
]]></system-out>
    <system-err><![CDATA[Starting ChromeDriver 87.0.4280.20 (c99e81631faa0b2a448e658c0dbd8311fb04ddbd-refs/branch-heads/4280@{#355}) on port 23169
Only local connections are allowed.
Please see https://chromedriver.chromium.org/security-considerations for suggestions on keeping ChromeDriver safe.
ChromeDriver was started successfully.
Starting ChromeDriver 87.0.4280.20 (c99e81631faa0b2a448e658c0dbd8311fb04ddbd-refs/branch-heads/4280@{#355}) on port 21460
Only local connections are allowed.
Please see https://chromedriver.chromium.org/security-considerations for suggestions on keeping ChromeDriver safe.
ChromeDriver was started successfully.
Nov 21, 2020 9:42:27 PM org.openqa.selenium.remote.ProtocolHandshake createSession
INFO: Detected dialect: W3C
Nov 21, 2020 9:42:28 PM org.openqa.selenium.remote.ProtocolHandshake createSession
INFO: Detected dialect: W3C
[1605975169.219][SEVERE]: Timed out receiving message from renderer: 10.000
[1605975169.219][WARNING]: screenshot failed, retrying timeout: Timed out receiving message from renderer: 10.000
[1605975179.219][SEVERE]: Timed out receiving message from renderer: 10.000
]]></system-err>
  </testcase>
  <testcase name="validatetitlemethod" classname="Academypackage.ValidateTitle" time="36.537">
    <failure message="expected [Courses122] but found [Courses]" type="java.lang.AssertionError"><![CDATA[java.lang.AssertionError: expected [Courses122] but found [Courses]
	at Academypackage.ValidateTitle.validatetitlemethod(ValidateTitle.java:40)
]]></failure>
  </testcase>
</testsuite>