<?xml version="1.0" encoding="UTF-8"?>
<testng-results skipped="0" failed="0" ignored="0" total="1" passed="1">
  <reporter-output>
  </reporter-output>
  <suite name="Default suite" duration-ms="30092" started-at="2020-11-21T17:03:18 IST" finished-at="2020-11-21T17:03:48 IST">
    <groups>
    </groups>
    <test name="Default test" duration-ms="30092" started-at="2020-11-21T17:03:18 IST" finished-at="2020-11-21T17:03:48 IST">
      <class name="Academypackage.Homepage">
        <test-method status="PASS" signature="initialize()[pri:0, instance:Academypackage.Homepage@ed7f8b4]" name="initialize" is-config="true" duration-ms="4408" started-at="2020-11-21T17:03:18 IST" finished-at="2020-11-21T17:03:22 IST">
          <reporter-output>
          </reporter-output>
        </test-method> <!-- initialize -->
        <test-method status="PASS" signature="HomePageNavigation()[pri:0, instance:Academypackage.Homepage@ed7f8b4]" name="HomePageNavigation" duration-ms="25591" started-at="2020-11-21T17:03:22 IST" finished-at="2020-11-21T17:03:48 IST">
          <reporter-output>
          </reporter-output>
        </test-method> <!-- HomePageNavigation -->
        <test-method status="PASS" signature="teardown()[pri:0, instance:Academypackage.Homepage@ed7f8b4]" name="teardown" is-config="true" duration-ms="53" started-at="2020-11-21T17:03:48 IST" finished-at="2020-11-21T17:03:48 IST">
          <reporter-output>
          </reporter-output>
        </test-method> <!-- teardown -->
      </class> <!-- Academypackage.Homepage -->
    </test> <!-- Default test -->
  </suite> <!-- Default suite -->
</testng-results>
